<?xml version="1.0" encoding="UTF-8"?>
<testsuite xmlns:xsi="http://www.w3.org/2001/XMLSchema-instance" xsi:noNamespaceSchemaLocation="https://maven.apache.org/surefire/maven-surefire-plugin/xsd/surefire-test-report.xsd" name="it.academy.rest.ProductRestServiceTest" time="32.833" tests="5" errors="0" skipped="0" failures="0">
  <properties>
[...]
</properties>
  <testcase name="updateProduct" classname="it.academy.rest.ProductRestServiceTest" time="0.1"/>
  <testcase name="readProduct" classname="it.academy.rest.ProductRestServiceTest" time="0.088"/>
  <testcase name="deleteProduct" classname="it.academy.rest.ProductRestServiceTest" time="0.123"/>
  <testcase name="readProducts" classname="it.academy.rest.ProductRestServiceTest" time="0.11"/>
  <testcase name="createProduct" classname="it.academy.rest.ProductRestServiceTest" time="0.102"/>
</testsuite>