<?xml version="1.0" encoding="UTF-8"?>
<testsuite xmlns:xsi="http://www.w3.org/2001/XMLSchema-instance" xsi:noNamespaceSchemaLocation="https://maven.apache.org/surefire/maven-surefire-plugin/xsd/surefire-test-report.xsd" name="it.academy.rest.VisitorCountRestServiceTest" time="0.605" tests="2" errors="0" skipped="0" failures="1">
  <properties>
[...]
</properties>
  <testcase name="readVisitorCount" classname="it.academy.rest.VisitorCountRestServiceTest" time="0.106"/>
  <testcase name="updateVisitorCount" classname="it.academy.rest.VisitorCountRestServiceTest" time="0.388">
    <failure message="expected:&lt;[100]0&gt; but was:&lt;[]0&gt;" type="org.junit.ComparisonFailure"><![CDATA[org.junit.ComparisonFailure: expected:<[100]0> but was:<[]0>
	at it.academy.rest.VisitorCountRestServiceTest.updateVisitorCount(VisitorCountRestServiceTest.java:74)
]]></failure>
    <system-out><![CDATA[10:12:14.348 [main] DEBUG org.springframework.test.annotation.ProfileValueUtils - Retrieved @ProfileValueSourceConfiguration [null] for test class [it.academy.rest.VisitorCountRestServiceTest]
10:12:14.349 [main] DEBUG org.springframework.test.annotation.ProfileValueUtils - Retrieved ProfileValueSource type [class org.springframework.test.annotation.SystemProfileValueSource] for class [it.academy.rest.VisitorCountRestServiceTest]
10:12:14.349 [main] DEBUG org.springframework.test.context.cache.DefaultCacheAwareContextLoaderDelegate - Retrieved ApplicationContext [443942537] from cache with key [[WebMergedContextConfiguration@b7e53b1 testClass = VisitorCountRestServiceTest, locations = '{}', classes = '{class it.academy.RestTestConfiguration}', contextInitializerClasses = '[]', activeProfiles = '{test}', propertySourceLocations = '{}', propertySourceProperties = '{}', contextCustomizers = set[org.springframework.boot.test.context.filter.ExcludeFilterContextCustomizer@700fb871, org.springframework.boot.test.json.DuplicateJsonObjectContextCustomizerFactory$DuplicateJsonObjectContextCustomizer@1e16c0aa, org.springframework.boot.test.mock.mockito.MockitoContextCustomizer@0, org.springframework.boot.test.autoconfigure.actuate.metrics.MetricsExportContextCustomizerFactory$DisableMetricExportContextCustomizer@50029372, org.springframework.boot.test.autoconfigure.properties.PropertyMappingContextCustomizer@0, org.springframework.boot.test.autoconfigure.web.servlet.WebDriverContextCustomizerFactory$Customizer@5852c06f, org.springframework.test.context.web.socket.MockServerContainerContextCustomizer@7d61eb55], resourceBasePath = 'src/main/webapp', contextLoader = 'org.springframework.test.context.web.WebDelegatingSmartContextLoader', parent = [null]]]
10:12:14.349 [main] DEBUG org.springframework.test.context.cache - Spring test ApplicationContext cache statistics: [DefaultContextCache@4be171d1 size = 1, maxSize = 32, parentContextCount = 0, hitCount = 74, missCount = 1]
10:12:14.349 [main] DEBUG org.springframework.test.context.web.ServletTestExecutionListener - Setting up MockHttpServletRequest, MockHttpServletResponse, ServletWebRequest, and RequestContextHolder for test context [DefaultTestContext@2493f9a8 testClass = VisitorCountRestServiceTest, testInstance = it.academy.rest.VisitorCountRestServiceTest@4b9b57d9, testMethod = [null], testException = [null], mergedContextConfiguration = [WebMergedContextConfiguration@b7e53b1 testClass = VisitorCountRestServiceTest, locations = '{}', classes = '{class it.academy.RestTestConfiguration}', contextInitializerClasses = '[]', activeProfiles = '{test}', propertySourceLocations = '{}', propertySourceProperties = '{}', contextCustomizers = set[org.springframework.boot.test.context.filter.ExcludeFilterContextCustomizer@700fb871, org.springframework.boot.test.json.DuplicateJsonObjectContextCustomizerFactory$DuplicateJsonObjectContextCustomizer@1e16c0aa, org.springframework.boot.test.mock.mockito.MockitoContextCustomizer@0, org.springframework.boot.test.autoconfigure.actuate.metrics.MetricsExportContextCustomizerFactory$DisableMetricExportContextCustomizer@50029372, org.springframework.boot.test.autoconfigure.properties.PropertyMappingContextCustomizer@0, org.springframework.boot.test.autoconfigure.web.servlet.WebDriverContextCustomizerFactory$Customizer@5852c06f, org.springframework.test.context.web.socket.MockServerContainerContextCustomizer@7d61eb55], resourceBasePath = 'src/main/webapp', contextLoader = 'org.springframework.test.context.web.WebDelegatingSmartContextLoader', parent = [null]], attributes = map['org.springframework.test.context.event.ApplicationEventsTestExecutionListener.recordApplicationEvents' -> false, 'org.springframework.test.context.support.DependencyInjectionTestExecutionListener.reinjectDependencies' -> true]].
10:12:14.349 [main] DEBUG org.springframework.test.context.support.DependencyInjectionTestExecutionListener - Performing dependency injection for test context [[DefaultTestContext@2493f9a8 testClass = VisitorCountRestServiceTest, testInstance = it.academy.rest.VisitorCountRestServiceTest@4b9b57d9, testMethod = [null], testException = [null], mergedContextConfiguration = [WebMergedContextConfiguration@b7e53b1 testClass = VisitorCountRestServiceTest, locations = '{}', classes = '{class it.academy.RestTestConfiguration}', contextInitializerClasses = '[]', activeProfiles = '{test}', propertySourceLocations = '{}', propertySourceProperties = '{}', contextCustomizers = set[org.springframework.boot.test.context.filter.ExcludeFilterContextCustomizer@700fb871, org.springframework.boot.test.json.DuplicateJsonObjectContextCustomizerFactory$DuplicateJsonObjectContextCustomizer@1e16c0aa, org.springframework.boot.test.mock.mockito.MockitoContextCustomizer@0, org.springframework.boot.test.autoconfigure.actuate.metrics.MetricsExportContextCustomizerFactory$DisableMetricExportContextCustomizer@50029372, org.springframework.boot.test.autoconfigure.properties.PropertyMappingContextCustomizer@0, org.springframework.boot.test.autoconfigure.web.servlet.WebDriverContextCustomizerFactory$Customizer@5852c06f, org.springframework.test.context.web.socket.MockServerContainerContextCustomizer@7d61eb55], resourceBasePath = 'src/main/webapp', contextLoader = 'org.springframework.test.context.web.WebDelegatingSmartContextLoader', parent = [null]], attributes = map['org.springframework.test.context.web.ServletTestExecutionListener.populatedRequestContextHolder' -> true, 'org.springframework.test.context.web.ServletTestExecutionListener.resetRequestContextHolder' -> true, 'org.springframework.test.context.event.ApplicationEventsTestExecutionListener.recordApplicationEvents' -> false, 'org.springframework.test.context.support.DependencyInjectionTestExecutionListener.reinjectDependencies' -> true]]].
10:12:14.349 [main] DEBUG org.springframework.test.context.cache.DefaultCacheAwareContextLoaderDelegate - Retrieved ApplicationContext [443942537] from cache with key [[WebMergedContextConfiguration@b7e53b1 testClass = VisitorCountRestServiceTest, locations = '{}', classes = '{class it.academy.RestTestConfiguration}', contextInitializerClasses = '[]', activeProfiles = '{test}', propertySourceLocations = '{}', propertySourceProperties = '{}', contextCustomizers = set[org.springframework.boot.test.context.filter.ExcludeFilterContextCustomizer@700fb871, org.springframework.boot.test.json.DuplicateJsonObjectContextCustomizerFactory$DuplicateJsonObjectContextCustomizer@1e16c0aa, org.springframework.boot.test.mock.mockito.MockitoContextCustomizer@0, org.springframework.boot.test.autoconfigure.actuate.metrics.MetricsExportContextCustomizerFactory$DisableMetricExportContextCustomizer@50029372, org.springframework.boot.test.autoconfigure.properties.PropertyMappingContextCustomizer@0, org.springframework.boot.test.autoconfigure.web.servlet.WebDriverContextCustomizerFactory$Customizer@5852c06f, org.springframework.test.context.web.socket.MockServerContainerContextCustomizer@7d61eb55], resourceBasePath = 'src/main/webapp', contextLoader = 'org.springframework.test.context.web.WebDelegatingSmartContextLoader', parent = [null]]]
10:12:14.349 [main] DEBUG org.springframework.test.context.cache - Spring test ApplicationContext cache statistics: [DefaultContextCache@4be171d1 size = 1, maxSize = 32, parentContextCount = 0, hitCount = 75, missCount = 1]
10:12:14.350 [main] DEBUG org.springframework.test.context.cache.DefaultCacheAwareContextLoaderDelegate - Retrieved ApplicationContext [443942537] from cache with key [[WebMergedContextConfiguration@b7e53b1 testClass = VisitorCountRestServiceTest, locations = '{}', classes = '{class it.academy.RestTestConfiguration}', contextInitializerClasses = '[]', activeProfiles = '{test}', propertySourceLocations = '{}', propertySourceProperties = '{}', contextCustomizers = set[org.springframework.boot.test.context.filter.ExcludeFilterContextCustomizer@700fb871, org.springframework.boot.test.json.DuplicateJsonObjectContextCustomizerFactory$DuplicateJsonObjectContextCustomizer@1e16c0aa, org.springframework.boot.test.mock.mockito.MockitoContextCustomizer@0, org.springframework.boot.test.autoconfigure.actuate.metrics.MetricsExportContextCustomizerFactory$DisableMetricExportContextCustomizer@50029372, org.springframework.boot.test.autoconfigure.properties.PropertyMappingContextCustomizer@0, org.springframework.boot.test.autoconfigure.web.servlet.WebDriverContextCustomizerFactory$Customizer@5852c06f, org.springframework.test.context.web.socket.MockServerContainerContextCustomizer@7d61eb55], resourceBasePath = 'src/main/webapp', contextLoader = 'org.springframework.test.context.web.WebDelegatingSmartContextLoader', parent = [null]]]
10:12:14.350 [main] DEBUG org.springframework.test.context.cache - Spring test ApplicationContext cache statistics: [DefaultContextCache@4be171d1 size = 1, maxSize = 32, parentContextCount = 0, hitCount = 76, missCount = 1]
10:12:14.350 [main] DEBUG org.springframework.test.context.support.AbstractDirtiesContextTestExecutionListener - Before test method: context [DefaultTestContext@2493f9a8 testClass = VisitorCountRestServiceTest, testInstance = it.academy.rest.VisitorCountRestServiceTest@4b9b57d9, testMethod = updateVisitorCount@VisitorCountRestServiceTest, testException = [null], mergedContextConfiguration = [WebMergedContextConfiguration@b7e53b1 testClass = VisitorCountRestServiceTest, locations = '{}', classes = '{class it.academy.RestTestConfiguration}', contextInitializerClasses = '[]', activeProfiles = '{test}', propertySourceLocations = '{}', propertySourceProperties = '{}', contextCustomizers = set[org.springframework.boot.test.context.filter.ExcludeFilterContextCustomizer@700fb871, org.springframework.boot.test.json.DuplicateJsonObjectContextCustomizerFactory$DuplicateJsonObjectContextCustomizer@1e16c0aa, org.springframework.boot.test.mock.mockito.MockitoContextCustomizer@0, org.springframework.boot.test.autoconfigure.actuate.metrics.MetricsExportContextCustomizerFactory$DisableMetricExportContextCustomizer@50029372, org.springframework.boot.test.autoconfigure.properties.PropertyMappingContextCustomizer@0, org.springframework.boot.test.autoconfigure.web.servlet.WebDriverContextCustomizerFactory$Customizer@5852c06f, org.springframework.test.context.web.socket.MockServerContainerContextCustomizer@7d61eb55], resourceBasePath = 'src/main/webapp', contextLoader = 'org.springframework.test.context.web.WebDelegatingSmartContextLoader', parent = [null]], attributes = map['org.springframework.test.context.web.ServletTestExecutionListener.populatedRequestContextHolder' -> true, 'org.springframework.test.context.web.ServletTestExecutionListener.resetRequestContextHolder' -> true, 'org.springframework.test.context.event.ApplicationEventsTestExecutionListener.recordApplicationEvents' -> false]], class annotated with @DirtiesContext [false] with mode [null], method annotated with @DirtiesContext [false] with mode [null].
10:12:14.353 [main] DEBUG org.springframework.test.context.transaction.TransactionalTestExecutionListener - Explicit transaction definition [PROPAGATION_REQUIRED,ISOLATION_DEFAULT] found for test context [DefaultTestContext@2493f9a8 testClass = VisitorCountRestServiceTest, testInstance = it.academy.rest.VisitorCountRestServiceTest@4b9b57d9, testMethod = updateVisitorCount@VisitorCountRestServiceTest, testException = [null], mergedContextConfiguration = [WebMergedContextConfiguration@b7e53b1 testClass = VisitorCountRestServiceTest, locations = '{}', classes = '{class it.academy.RestTestConfiguration}', contextInitializerClasses = '[]', activeProfiles = '{test}', propertySourceLocations = '{}', propertySourceProperties = '{}', contextCustomizers = set[org.springframework.boot.test.context.filter.ExcludeFilterContextCustomizer@700fb871, org.springframework.boot.test.json.DuplicateJsonObjectContextCustomizerFactory$DuplicateJsonObjectContextCustomizer@1e16c0aa, org.springframework.boot.test.mock.mockito.MockitoContextCustomizer@0, org.springframework.boot.test.autoconfigure.actuate.metrics.MetricsExportContextCustomizerFactory$DisableMetricExportContextCustomizer@50029372, org.springframework.boot.test.autoconfigure.properties.PropertyMappingContextCustomizer@0, org.springframework.boot.test.autoconfigure.web.servlet.WebDriverContextCustomizerFactory$Customizer@5852c06f, org.springframework.test.context.web.socket.MockServerContainerContextCustomizer@7d61eb55], resourceBasePath = 'src/main/webapp', contextLoader = 'org.springframework.test.context.web.WebDelegatingSmartContextLoader', parent = [null]], attributes = map['org.springframework.test.context.web.ServletTestExecutionListener.populatedRequestContextHolder' -> true, 'org.springframework.test.context.web.ServletTestExecutionListener.resetRequestContextHolder' -> true, 'org.springframework.test.context.event.ApplicationEventsTestExecutionListener.recordApplicationEvents' -> false]]
10:12:14.353 [main] DEBUG org.springframework.test.context.cache.DefaultCacheAwareContextLoaderDelegate - Retrieved ApplicationContext [443942537] from cache with key [[WebMergedContextConfiguration@b7e53b1 testClass = VisitorCountRestServiceTest, locations = '{}', classes = '{class it.academy.RestTestConfiguration}', contextInitializerClasses = '[]', activeProfiles = '{test}', propertySourceLocations = '{}', propertySourceProperties = '{}', contextCustomizers = set[org.springframework.boot.test.context.filter.ExcludeFilterContextCustomizer@700fb871, org.springframework.boot.test.json.DuplicateJsonObjectContextCustomizerFactory$DuplicateJsonObjectContextCustomizer@1e16c0aa, org.springframework.boot.test.mock.mockito.MockitoContextCustomizer@0, org.springframework.boot.test.autoconfigure.actuate.metrics.MetricsExportContextCustomizerFactory$DisableMetricExportContextCustomizer@50029372, org.springframework.boot.test.autoconfigure.properties.PropertyMappingContextCustomizer@0, org.springframework.boot.test.autoconfigure.web.servlet.WebDriverContextCustomizerFactory$Customizer@5852c06f, org.springframework.test.context.web.socket.MockServerContainerContextCustomizer@7d61eb55], resourceBasePath = 'src/main/webapp', contextLoader = 'org.springframework.test.context.web.WebDelegatingSmartContextLoader', parent = [null]]]
10:12:14.353 [main] DEBUG org.springframework.test.context.cache - Spring test ApplicationContext cache statistics: [DefaultContextCache@4be171d1 size = 1, maxSize = 32, parentContextCount = 0, hitCount = 77, missCount = 1]
10:12:14.356 [main] DEBUG org.springframework.test.context.transaction.TransactionalTestExecutionListener - No method-level @Rollback override: using default rollback [true] for test context [DefaultTestContext@2493f9a8 testClass = VisitorCountRestServiceTest, testInstance = it.academy.rest.VisitorCountRestServiceTest@4b9b57d9, testMethod = updateVisitorCount@VisitorCountRestServiceTest, testException = [null], mergedContextConfiguration = [WebMergedContextConfiguration@b7e53b1 testClass = VisitorCountRestServiceTest, locations = '{}', classes = '{class it.academy.RestTestConfiguration}', contextInitializerClasses = '[]', activeProfiles = '{test}', propertySourceLocations = '{}', propertySourceProperties = '{}', contextCustomizers = set[org.springframework.boot.test.context.filter.ExcludeFilterContextCustomizer@700fb871, org.springframework.boot.test.json.DuplicateJsonObjectContextCustomizerFactory$DuplicateJsonObjectContextCustomizer@1e16c0aa, org.springframework.boot.test.mock.mockito.MockitoContextCustomizer@0, org.springframework.boot.test.autoconfigure.actuate.metrics.MetricsExportContextCustomizerFactory$DisableMetricExportContextCustomizer@50029372, org.springframework.boot.test.autoconfigure.properties.PropertyMappingContextCustomizer@0, org.springframework.boot.test.autoconfigure.web.servlet.WebDriverContextCustomizerFactory$Customizer@5852c06f, org.springframework.test.context.web.socket.MockServerContainerContextCustomizer@7d61eb55], resourceBasePath = 'src/main/webapp', contextLoader = 'org.springframework.test.context.web.WebDelegatingSmartContextLoader', parent = [null]], attributes = map['org.springframework.test.context.web.ServletTestExecutionListener.populatedRequestContextHolder' -> true, 'org.springframework.test.context.web.ServletTestExecutionListener.resetRequestContextHolder' -> true, 'org.springframework.test.context.event.ApplicationEventsTestExecutionListener.recordApplicationEvents' -> false]].
10:12:14.358 [main] DEBUG org.springframework.orm.hibernate5.HibernateTransactionManager - Creating new transaction with name [it.academy.rest.VisitorCountRestServiceTest.updateVisitorCount]: PROPAGATION_REQUIRED,ISOLATION_DEFAULT
10:12:14.359 [main] DEBUG org.springframework.orm.hibernate5.HibernateTransactionManager - Opened new Session [SessionImpl(1548008675<open>)] for Hibernate transaction
10:12:14.359 [main] DEBUG org.hibernate.engine.transaction.internal.TransactionImpl - On TransactionImpl creation, JpaCompliance#isJpaTransactionComplianceEnabled == false
10:12:14.359 [main] DEBUG org.hibernate.engine.transaction.internal.TransactionImpl - begin
10:12:14.359 [main] DEBUG org.springframework.orm.hibernate5.HibernateTransactionManager - Exposing Hibernate transaction as JDBC [org.springframework.orm.hibernate5.HibernateTransactionManager$$Lambda$1333/0x00000001009b6040@444958a4]
10:12:14.360 [main] INFO org.springframework.test.context.transaction.TransactionContext - Began transaction (1) for test context [DefaultTestContext@2493f9a8 testClass = VisitorCountRestServiceTest, testInstance = it.academy.rest.VisitorCountRestServiceTest@4b9b57d9, testMethod = updateVisitorCount@VisitorCountRestServiceTest, testException = [null], mergedContextConfiguration = [WebMergedContextConfiguration@b7e53b1 testClass = VisitorCountRestServiceTest, locations = '{}', classes = '{class it.academy.RestTestConfiguration}', contextInitializerClasses = '[]', activeProfiles = '{test}', propertySourceLocations = '{}', propertySourceProperties = '{}', contextCustomizers = set[org.springframework.boot.test.context.filter.ExcludeFilterContextCustomizer@700fb871, org.springframework.boot.test.json.DuplicateJsonObjectContextCustomizerFactory$DuplicateJsonObjectContextCustomizer@1e16c0aa, org.springframework.boot.test.mock.mockito.MockitoContextCustomizer@0, org.springframework.boot.test.autoconfigure.actuate.metrics.MetricsExportContextCustomizerFactory$DisableMetricExportContextCustomizer@50029372, org.springframework.boot.test.autoconfigure.properties.PropertyMappingContextCustomizer@0, org.springframework.boot.test.autoconfigure.web.servlet.WebDriverContextCustomizerFactory$Customizer@5852c06f, org.springframework.test.context.web.socket.MockServerContainerContextCustomizer@7d61eb55], resourceBasePath = 'src/main/webapp', contextLoader = 'org.springframework.test.context.web.WebDelegatingSmartContextLoader', parent = [null]], attributes = map['org.springframework.test.context.web.ServletTestExecutionListener.populatedRequestContextHolder' -> true, 'org.springframework.test.context.web.ServletTestExecutionListener.resetRequestContextHolder' -> true, 'org.springframework.test.context.event.ApplicationEventsTestExecutionListener.recordApplicationEvents' -> false]]; transaction manager [org.springframework.orm.hibernate5.HibernateTransactionManager@381f05a9]; rollback [true]
10:12:14.360 [main] DEBUG org.springframework.test.context.cache.DefaultCacheAwareContextLoaderDelegate - Retrieved ApplicationContext [443942537] from cache with key [[WebMergedContextConfiguration@b7e53b1 testClass = VisitorCountRestServiceTest, locations = '{}', classes = '{class it.academy.RestTestConfiguration}', contextInitializerClasses = '[]', activeProfiles = '{test}', propertySourceLocations = '{}', propertySourceProperties = '{}', contextCustomizers = set[org.springframework.boot.test.context.filter.ExcludeFilterContextCustomizer@700fb871, org.springframework.boot.test.json.DuplicateJsonObjectContextCustomizerFactory$DuplicateJsonObjectContextCustomizer@1e16c0aa, org.springframework.boot.test.mock.mockito.MockitoContextCustomizer@0, org.springframework.boot.test.autoconfigure.actuate.metrics.MetricsExportContextCustomizerFactory$DisableMetricExportContextCustomizer@50029372, org.springframework.boot.test.autoconfigure.properties.PropertyMappingContextCustomizer@0, org.springframework.boot.test.autoconfigure.web.servlet.WebDriverContextCustomizerFactory$Customizer@5852c06f, org.springframework.test.context.web.socket.MockServerContainerContextCustomizer@7d61eb55], resourceBasePath = 'src/main/webapp', contextLoader = 'org.springframework.test.context.web.WebDelegatingSmartContextLoader', parent = [null]]]
10:12:14.361 [main] DEBUG org.springframework.test.context.cache - Spring test ApplicationContext cache statistics: [DefaultContextCache@4be171d1 size = 1, maxSize = 32, parentContextCount = 0, hitCount = 78, missCount = 1]
10:12:14.362 [main] DEBUG org.springframework.test.context.cache.DefaultCacheAwareContextLoaderDelegate - Retrieved ApplicationContext [443942537] from cache with key [[WebMergedContextConfiguration@b7e53b1 testClass = VisitorCountRestServiceTest, locations = '{}', classes = '{class it.academy.RestTestConfiguration}', contextInitializerClasses = '[]', activeProfiles = '{test}', propertySourceLocations = '{}', propertySourceProperties = '{}', contextCustomizers = set[org.springframework.boot.test.context.filter.ExcludeFilterContextCustomizer@700fb871, org.springframework.boot.test.json.DuplicateJsonObjectContextCustomizerFactory$DuplicateJsonObjectContextCustomizer@1e16c0aa, org.springframework.boot.test.mock.mockito.MockitoContextCustomizer@0, org.springframework.boot.test.autoconfigure.actuate.metrics.MetricsExportContextCustomizerFactory$DisableMetricExportContextCustomizer@50029372, org.springframework.boot.test.autoconfigure.properties.PropertyMappingContextCustomizer@0, org.springframework.boot.test.autoconfigure.web.servlet.WebDriverContextCustomizerFactory$Customizer@5852c06f, org.springframework.test.context.web.socket.MockServerContainerContextCustomizer@7d61eb55], resourceBasePath = 'src/main/webapp', contextLoader = 'org.springframework.test.context.web.WebDelegatingSmartContextLoader', parent = [null]]]
10:12:14.362 [main] DEBUG org.springframework.test.context.cache - Spring test ApplicationContext cache statistics: [DefaultContextCache@4be171d1 size = 1, maxSize = 32, parentContextCount = 0, hitCount = 79, missCount = 1]
10:12:14.362 [main] INFO org.springframework.mock.web.MockServletContext - Initializing Spring TestDispatcherServlet ''
10:12:14.362 [main] INFO org.springframework.test.web.servlet.TestDispatcherServlet - Initializing Servlet ''
10:12:14.362 [main] DEBUG org.springframework.test.web.servlet.TestDispatcherServlet - Detected StandardServletMultipartResolver
10:12:14.362 [main] DEBUG org.springframework.test.web.servlet.TestDispatcherServlet - Detected AcceptHeaderLocaleResolver
10:12:14.363 [main] DEBUG org.springframework.test.web.servlet.TestDispatcherServlet - Detected FixedThemeResolver
10:12:14.363 [main] DEBUG org.springframework.test.web.servlet.TestDispatcherServlet - Detected org.springframework.web.servlet.view.DefaultRequestToViewNameTranslator@67d6bb59
10:12:14.364 [main] DEBUG org.springframework.test.web.servlet.TestDispatcherServlet - Detected org.springframework.web.servlet.support.SessionFlashMapManager@329b4b8b
10:12:14.364 [main] DEBUG org.springframework.test.web.servlet.TestDispatcherServlet - enableLoggingRequestDetails='false': request parameters and headers will be masked to prevent unsafe logging of potentially sensitive data
10:12:14.364 [main] INFO org.springframework.test.web.servlet.TestDispatcherServlet - Completed initialization in 2 ms
10:12:14.364 [main] DEBUG org.springframework.orm.hibernate5.HibernateTransactionManager - Found thread-bound Session [SessionImpl(1548008675<open>)] for Hibernate transaction
10:12:14.364 [main] DEBUG org.springframework.orm.hibernate5.HibernateTransactionManager - Participating in existing transaction
10:12:14.364 [main] DEBUG org.hibernate.SQL - delete from T_VISITOR_COUNT
Hibernate: delete from T_VISITOR_COUNT
10:12:14.365 [main] DEBUG org.springframework.test.context.cache.DefaultCacheAwareContextLoaderDelegate - Retrieved ApplicationContext [443942537] from cache with key [[WebMergedContextConfiguration@b7e53b1 testClass = VisitorCountRestServiceTest, locations = '{}', classes = '{class it.academy.RestTestConfiguration}', contextInitializerClasses = '[]', activeProfiles = '{test}', propertySourceLocations = '{}', propertySourceProperties = '{}', contextCustomizers = set[org.springframework.boot.test.context.filter.ExcludeFilterContextCustomizer@700fb871, org.springframework.boot.test.json.DuplicateJsonObjectContextCustomizerFactory$DuplicateJsonObjectContextCustomizer@1e16c0aa, org.springframework.boot.test.mock.mockito.MockitoContextCustomizer@0, org.springframework.boot.test.autoconfigure.actuate.metrics.MetricsExportContextCustomizerFactory$DisableMetricExportContextCustomizer@50029372, org.springframework.boot.test.autoconfigure.properties.PropertyMappingContextCustomizer@0, org.springframework.boot.test.autoconfigure.web.servlet.WebDriverContextCustomizerFactory$Customizer@5852c06f, org.springframework.test.context.web.socket.MockServerContainerContextCustomizer@7d61eb55], resourceBasePath = 'src/main/webapp', contextLoader = 'org.springframework.test.context.web.WebDelegatingSmartContextLoader', parent = [null]]]
10:12:14.365 [main] DEBUG org.springframework.test.context.cache - Spring test ApplicationContext cache statistics: [DefaultContextCache@4be171d1 size = 1, maxSize = 32, parentContextCount = 0, hitCount = 80, missCount = 1]
10:12:14.368 [main] DEBUG org.springframework.test.web.servlet.TestDispatcherServlet - GET "/visitor_count", parameters={}
10:12:14.368 [main] DEBUG org.springframework.web.servlet.mvc.method.annotation.RequestMappingHandlerMapping - Mapped to it.academy.rest.VisitorController#readCount()
10:12:14.369 [main] DEBUG org.springframework.orm.hibernate5.HibernateTransactionManager - Found thread-bound Session [SessionImpl(1548008675<open>)] for Hibernate transaction
10:12:14.369 [main] DEBUG org.springframework.orm.hibernate5.HibernateTransactionManager - Participating in existing transaction
10:12:14.373 [Thread-2] DEBUG org.springframework.test.web.servlet.TestDispatcherServlet - PUT "/visitor_count", parameters={}
10:12:14.373 [Thread-1] DEBUG org.springframework.test.web.servlet.TestDispatcherServlet - PUT "/visitor_count", parameters={}
10:12:14.374 [Thread-2] DEBUG org.springframework.web.servlet.mvc.method.annotation.RequestMappingHandlerMapping - Mapped to it.academy.rest.VisitorController#plusVisitor()
10:12:14.374 [Thread-2] DEBUG org.springframework.orm.hibernate5.HibernateTransactionManager - Creating new transaction with name [it.academy.service.VisitorService.saveVisitor]: PROPAGATION_REQUIRED,ISOLATION_READ_COMMITTED
10:12:14.374 [Thread-2] DEBUG org.springframework.orm.hibernate5.HibernateTransactionManager - Opened new Session [SessionImpl(1238783442<open>)] for Hibernate transaction
10:12:14.374 [Thread-2] DEBUG org.springframework.orm.hibernate5.HibernateTransactionManager - Preparing JDBC Connection of Hibernate Session [SessionImpl(1238783442<open>)]
10:12:14.384 [Thread-9] DEBUG org.springframework.test.web.servlet.TestDispatcherServlet - PUT "/visitor_count", parameters={}
10:12:14.384 [Thread-8] DEBUG org.springframework.test.web.servlet.TestDispatcherServlet - PUT "/visitor_count", parameters={}
10:12:14.384 [Thread-8] DEBUG org.springframework.web.servlet.mvc.method.annotation.RequestMappingHandlerMapping - Mapped to it.academy.rest.VisitorController#plusVisitor()
10:12:14.385 [Thread-6] DEBUG org.springframework.test.web.servlet.TestDispatcherServlet - PUT "/visitor_count", parameters={}
10:12:14.385 [Thread-8] DEBUG org.springframework.orm.hibernate5.HibernateTransactionManager - Creating new transaction with name [it.academy.service.VisitorService.saveVisitor]: PROPAGATION_REQUIRED,ISOLATION_READ_COMMITTED
10:12:14.385 [Thread-8] DEBUG org.springframework.orm.hibernate5.HibernateTransactionManager - Opened new Session [SessionImpl(1987432530<open>)] for Hibernate transaction
10:12:14.385 [Thread-8] DEBUG org.springframework.orm.hibernate5.HibernateTransactionManager - Preparing JDBC Connection of Hibernate Session [SessionImpl(1987432530<open>)]
10:12:14.385 [Thread-7] DEBUG org.springframework.test.web.servlet.TestDispatcherServlet - PUT "/visitor_count", parameters={}
10:12:14.384 [Thread-9] DEBUG org.springframework.web.servlet.mvc.method.annotation.RequestMappingHandlerMapping - Mapped to it.academy.rest.VisitorController#plusVisitor()
10:12:14.385 [Thread-7] DEBUG org.springframework.web.servlet.mvc.method.annotation.RequestMappingHandlerMapping - Mapped to it.academy.rest.VisitorController#plusVisitor()
10:12:14.386 [Thread-7] DEBUG org.springframework.orm.hibernate5.HibernateTransactionManager - Creating new transaction with name [it.academy.service.VisitorService.saveVisitor]: PROPAGATION_REQUIRED,ISOLATION_READ_COMMITTED
10:12:14.386 [Thread-7] DEBUG org.springframework.orm.hibernate5.HibernateTransactionManager - Opened new Session [SessionImpl(734686519<open>)] for Hibernate transaction
10:12:14.386 [Thread-7] DEBUG org.springframework.orm.hibernate5.HibernateTransactionManager - Preparing JDBC Connection of Hibernate Session [SessionImpl(734686519<open>)]
10:12:14.386 [Thread-9] DEBUG org.springframework.orm.hibernate5.HibernateTransactionManager - Creating new transaction with name [it.academy.service.VisitorService.saveVisitor]: PROPAGATION_REQUIRED,ISOLATION_READ_COMMITTED
10:12:14.387 [Thread-9] DEBUG org.springframework.orm.hibernate5.HibernateTransactionManager - Opened new Session [SessionImpl(1562797978<open>)] for Hibernate transaction
10:12:14.387 [Thread-9] DEBUG org.springframework.orm.hibernate5.HibernateTransactionManager - Preparing JDBC Connection of Hibernate Session [SessionImpl(1562797978<open>)]
10:12:14.385 [Thread-6] DEBUG org.springframework.web.servlet.mvc.method.annotation.RequestMappingHandlerMapping - Mapped to it.academy.rest.VisitorController#plusVisitor()
10:12:14.387 [Thread-6] DEBUG org.springframework.orm.hibernate5.HibernateTransactionManager - Creating new transaction with name [it.academy.service.VisitorService.saveVisitor]: PROPAGATION_REQUIRED,ISOLATION_READ_COMMITTED
10:12:14.387 [Thread-6] DEBUG org.springframework.orm.hibernate5.HibernateTransactionManager - Opened new Session [SessionImpl(1826437934<open>)] for Hibernate transaction
10:12:14.387 [Thread-6] DEBUG org.springframework.orm.hibernate5.HibernateTransactionManager - Preparing JDBC Connection of Hibernate Session [SessionImpl(1826437934<open>)]
10:12:14.387 [Thread-4] DEBUG org.springframework.test.web.servlet.TestDispatcherServlet - PUT "/visitor_count", parameters={}
10:12:14.387 [Thread-3] DEBUG org.springframework.test.web.servlet.TestDispatcherServlet - PUT "/visitor_count", parameters={}
10:12:14.388 [Thread-3] DEBUG org.springframework.web.servlet.mvc.method.annotation.RequestMappingHandlerMapping - Mapped to it.academy.rest.VisitorController#plusVisitor()
10:12:14.388 [Thread-3] DEBUG org.springframework.orm.hibernate5.HibernateTransactionManager - Creating new transaction with name [it.academy.service.VisitorService.saveVisitor]: PROPAGATION_REQUIRED,ISOLATION_READ_COMMITTED
10:12:14.388 [Thread-3] DEBUG org.springframework.orm.hibernate5.HibernateTransactionManager - Opened new Session [SessionImpl(1224723661<open>)] for Hibernate transaction
10:12:14.389 [Thread-3] DEBUG org.springframework.orm.hibernate5.HibernateTransactionManager - Preparing JDBC Connection of Hibernate Session [SessionImpl(1224723661<open>)]
10:12:14.389 [Thread-4] DEBUG org.springframework.web.servlet.mvc.method.annotation.RequestMappingHandlerMapping - Mapped to it.academy.rest.VisitorController#plusVisitor()
10:12:14.389 [Thread-4] DEBUG org.springframework.orm.hibernate5.HibernateTransactionManager - Creating new transaction with name [it.academy.service.VisitorService.saveVisitor]: PROPAGATION_REQUIRED,ISOLATION_READ_COMMITTED
10:12:14.385 [Thread-5] DEBUG org.springframework.test.web.servlet.TestDispatcherServlet - PUT "/visitor_count", parameters={}
10:12:14.389 [Thread-5] DEBUG org.springframework.web.servlet.mvc.method.annotation.RequestMappingHandlerMapping - Mapped to it.academy.rest.VisitorController#plusVisitor()
10:12:14.389 [Thread-4] DEBUG org.springframework.orm.hibernate5.HibernateTransactionManager - Opened new Session [SessionImpl(403976523<open>)] for Hibernate transaction
10:12:14.389 [Thread-4] DEBUG org.springframework.orm.hibernate5.HibernateTransactionManager - Preparing JDBC Connection of Hibernate Session [SessionImpl(403976523<open>)]
10:12:14.389 [Thread-5] DEBUG org.springframework.orm.hibernate5.HibernateTransactionManager - Creating new transaction with name [it.academy.service.VisitorService.saveVisitor]: PROPAGATION_REQUIRED,ISOLATION_READ_COMMITTED
10:12:14.390 [Thread-5] DEBUG org.springframework.orm.hibernate5.HibernateTransactionManager - Opened new Session [SessionImpl(1645333694<open>)] for Hibernate transaction
10:12:14.390 [Thread-5] DEBUG org.springframework.orm.hibernate5.HibernateTransactionManager - Preparing JDBC Connection of Hibernate Session [SessionImpl(1645333694<open>)]
10:12:14.374 [Thread-1] DEBUG org.springframework.web.servlet.mvc.method.annotation.RequestMappingHandlerMapping - Mapped to it.academy.rest.VisitorController#plusVisitor()
10:12:14.390 [Thread-1] DEBUG org.springframework.orm.hibernate5.HibernateTransactionManager - Creating new transaction with name [it.academy.service.VisitorService.saveVisitor]: PROPAGATION_REQUIRED,ISOLATION_READ_COMMITTED
10:12:14.390 [Thread-1] DEBUG org.springframework.orm.hibernate5.HibernateTransactionManager - Opened new Session [SessionImpl(1286010878<open>)] for Hibernate transaction
10:12:14.390 [Thread-1] DEBUG org.springframework.orm.hibernate5.HibernateTransactionManager - Preparing JDBC Connection of Hibernate Session [SessionImpl(1286010878<open>)]
10:12:14.390 [Thread-10] DEBUG org.springframework.test.web.servlet.TestDispatcherServlet - PUT "/visitor_count", parameters={}
10:12:14.390 [Thread-10] DEBUG org.springframework.web.servlet.mvc.method.annotation.RequestMappingHandlerMapping - Mapped to it.academy.rest.VisitorController#plusVisitor()
10:12:14.390 [Thread-10] DEBUG org.springframework.orm.hibernate5.HibernateTransactionManager - Creating new transaction with name [it.academy.service.VisitorService.saveVisitor]: PROPAGATION_REQUIRED,ISOLATION_READ_COMMITTED
10:12:14.390 [Thread-10] DEBUG org.springframework.orm.hibernate5.HibernateTransactionManager - Opened new Session [SessionImpl(837987776<open>)] for Hibernate transaction
10:12:14.390 [Thread-10] DEBUG org.springframework.orm.hibernate5.HibernateTransactionManager - Preparing JDBC Connection of Hibernate Session [SessionImpl(837987776<open>)]
10:12:14.395 [Thread-2] DEBUG org.springframework.jdbc.datasource.DataSourceUtils - Changing isolation level of JDBC Connection [HikariProxyConnection@1192342168 wrapping com.mysql.cj.jdbc.ConnectionImpl@b41361b] to 2
10:12:14.397 [Thread-2] DEBUG org.hibernate.engine.transaction.internal.TransactionImpl - On TransactionImpl creation, JpaCompliance#isJpaTransactionComplianceEnabled == false
10:12:14.397 [Thread-2] DEBUG org.hibernate.engine.transaction.internal.TransactionImpl - begin
10:12:14.397 [Thread-2] DEBUG org.springframework.orm.hibernate5.HibernateTransactionManager - Exposing Hibernate transaction as JDBC [org.springframework.orm.hibernate5.HibernateTransactionManager$$Lambda$1333/0x00000001009b6040@432e3ea2]
10:12:14.400 [Thread-4] DEBUG org.springframework.jdbc.datasource.DataSourceUtils - Changing isolation level of JDBC Connection [HikariProxyConnection@382983225 wrapping com.mysql.cj.jdbc.ConnectionImpl@5902b7c8] to 2
10:12:14.400 [Thread-3] DEBUG org.springframework.jdbc.datasource.DataSourceUtils - Changing isolation level of JDBC Connection [HikariProxyConnection@1287672074 wrapping com.mysql.cj.jdbc.ConnectionImpl@3c84c9c7] to 2
10:12:14.402 [Thread-3] DEBUG org.hibernate.engine.transaction.internal.TransactionImpl - On TransactionImpl creation, JpaCompliance#isJpaTransactionComplianceEnabled == false
10:12:14.402 [Thread-3] DEBUG org.hibernate.engine.transaction.internal.TransactionImpl - begin
10:12:14.403 [Thread-3] DEBUG org.springframework.orm.hibernate5.HibernateTransactionManager - Exposing Hibernate transaction as JDBC [org.springframework.orm.hibernate5.HibernateTransactionManager$$Lambda$1333/0x00000001009b6040@9c2c6f6]
10:12:14.404 [Thread-4] DEBUG org.hibernate.engine.transaction.internal.TransactionImpl - On TransactionImpl creation, JpaCompliance#isJpaTransactionComplianceEnabled == false
10:12:14.404 [Thread-4] DEBUG org.hibernate.engine.transaction.internal.TransactionImpl - begin
10:12:14.405 [Thread-4] DEBUG org.springframework.orm.hibernate5.HibernateTransactionManager - Exposing Hibernate transaction as JDBC [org.springframework.orm.hibernate5.HibernateTransactionManager$$Lambda$1333/0x00000001009b6040@12ec5a3b]
10:12:14.405 [Thread-6] DEBUG org.springframework.jdbc.datasource.DataSourceUtils - Changing isolation level of JDBC Connection [HikariProxyConnection@1645926597 wrapping com.mysql.cj.jdbc.ConnectionImpl@6faf03cc] to 2
10:12:14.407 [Thread-6] DEBUG org.hibernate.engine.transaction.internal.TransactionImpl - On TransactionImpl creation, JpaCompliance#isJpaTransactionComplianceEnabled == false
10:12:14.407 [Thread-6] DEBUG org.hibernate.engine.transaction.internal.TransactionImpl - begin
10:12:14.408 [main] DEBUG org.hibernate.loader.plan.build.internal.spaces.QuerySpacesImpl - Adding QuerySpace : uid = <gen:0> -> org.hibernate.loader.plan.build.internal.spaces.EntityQuerySpaceImpl@221383c9]
10:12:14.408 [Thread-6] DEBUG org.springframework.orm.hibernate5.HibernateTransactionManager - Exposing Hibernate transaction as JDBC [org.springframework.orm.hibernate5.HibernateTransactionManager$$Lambda$1333/0x00000001009b6040@6625505e]
10:12:14.408 [main] DEBUG org.hibernate.persister.walking.spi.MetamodelGraphWalker - Visiting attribute path : count
10:12:14.408 [main] DEBUG org.hibernate.loader.plan.build.internal.FetchStyleLoadPlanBuildingAssociationVisitationStrategy - Building LoadPlan...
10:12:14.408 [Thread-1] DEBUG org.springframework.jdbc.datasource.DataSourceUtils - Changing isolation level of JDBC Connection [HikariProxyConnection@1113657370 wrapping com.mysql.cj.jdbc.ConnectionImpl@1757100b] to 2
10:12:14.409 [main] DEBUG org.hibernate.loader.plan.exec.internal.LoadQueryJoinAndFetchProcessor - processing queryspace <gen:0>
10:12:14.409 [main] DEBUG org.hibernate.loader.plan.build.spi.LoadPlanTreePrinter - LoadPlan(entity=it.academy.model.Visitor)
    - Returns
       - EntityReturnImpl(entity=it.academy.model.Visitor, querySpaceUid=<gen:0>, path=it.academy.model.Visitor)
    - QuerySpaces
       - EntityQuerySpaceImpl(uid=<gen:0>, entity=it.academy.model.Visitor)
          - SQL table alias mapping - visitor0_
          - alias suffix - 0_
          - suffixed key columns - {id1_7_0_}

10:12:14.409 [Thread-1] DEBUG org.hibernate.engine.transaction.internal.TransactionImpl - On TransactionImpl creation, JpaCompliance#isJpaTransactionComplianceEnabled == false
10:12:14.409 [Thread-1] DEBUG org.hibernate.engine.transaction.internal.TransactionImpl - begin
10:12:14.411 [main] DEBUG org.hibernate.loader.entity.plan.EntityLoader - Static select for entity it.academy.model.Visitor [PESSIMISTIC_WRITE]: select visitor0_.id as id1_7_0_, visitor0_.count as count2_7_0_ from T_VISITOR_COUNT visitor0_ where visitor0_.id=? for update
10:12:14.411 [Thread-1] DEBUG org.springframework.orm.hibernate5.HibernateTransactionManager - Exposing Hibernate transaction as JDBC [org.springframework.orm.hibernate5.HibernateTransactionManager$$Lambda$1333/0x00000001009b6040@465e9c8e]
10:12:14.411 [Thread-10] DEBUG org.springframework.jdbc.datasource.DataSourceUtils - Changing isolation level of JDBC Connection [HikariProxyConnection@1060459918 wrapping com.mysql.cj.jdbc.ConnectionImpl@6fe45fb0] to 2
10:12:14.412 [Thread-10] DEBUG org.hibernate.engine.transaction.internal.TransactionImpl - On TransactionImpl creation, JpaCompliance#isJpaTransactionComplianceEnabled == false
10:12:14.413 [Thread-10] DEBUG org.hibernate.engine.transaction.internal.TransactionImpl - begin
10:12:14.413 [Thread-10] DEBUG org.springframework.orm.hibernate5.HibernateTransactionManager - Exposing Hibernate transaction as JDBC [org.springframework.orm.hibernate5.HibernateTransactionManager$$Lambda$1333/0x00000001009b6040@3b0ac6b0]
10:12:14.414 [Thread-9] DEBUG org.springframework.jdbc.datasource.DataSourceUtils - Changing isolation level of JDBC Connection [HikariProxyConnection@1407291982 wrapping com.mysql.cj.jdbc.ConnectionImpl@2e1d9d85] to 2
10:12:14.414 [main] DEBUG org.hibernate.SQL - select visitor0_.id as id1_7_0_, visitor0_.count as count2_7_0_ from T_VISITOR_COUNT visitor0_ where visitor0_.id=? for update
Hibernate: select visitor0_.id as id1_7_0_, visitor0_.count as count2_7_0_ from T_VISITOR_COUNT visitor0_ where visitor0_.id=? for update
10:12:14.415 [Thread-9] DEBUG org.hibernate.engine.transaction.internal.TransactionImpl - On TransactionImpl creation, JpaCompliance#isJpaTransactionComplianceEnabled == false
10:12:14.415 [Thread-9] DEBUG org.hibernate.engine.transaction.internal.TransactionImpl - begin
10:12:14.415 [Thread-9] DEBUG org.springframework.orm.hibernate5.HibernateTransactionManager - Exposing Hibernate transaction as JDBC [org.springframework.orm.hibernate5.HibernateTransactionManager$$Lambda$1333/0x00000001009b6040@57de0cea]
10:12:14.416 [Thread-9] DEBUG org.hibernate.SQL - select visitor0_.id as id1_7_0_, visitor0_.count as count2_7_0_ from T_VISITOR_COUNT visitor0_ where visitor0_.id=? for update
Hibernate: select visitor0_.id as id1_7_0_, visitor0_.count as count2_7_0_ from T_VISITOR_COUNT visitor0_ where visitor0_.id=? for update
10:12:14.418 [Thread-3] DEBUG org.hibernate.SQL - select visitor0_.id as id1_7_0_, visitor0_.count as count2_7_0_ from T_VISITOR_COUNT visitor0_ where visitor0_.id=? for update
Hibernate: select visitor0_.id as id1_7_0_, visitor0_.count as count2_7_0_ from T_VISITOR_COUNT visitor0_ where visitor0_.id=? for update
10:12:14.419 [Thread-8] DEBUG org.springframework.jdbc.datasource.DataSourceUtils - Changing isolation level of JDBC Connection [HikariProxyConnection@2024939756 wrapping com.mysql.cj.jdbc.ConnectionImpl@7bfcf560] to 2
10:12:14.414 [Thread-5] DEBUG org.springframework.jdbc.datasource.DataSourceUtils - Changing isolation level of JDBC Connection [HikariProxyConnection@1825975948 wrapping com.mysql.cj.jdbc.ConnectionImpl@5357ffd0] to 2
10:12:14.418 [Thread-2] DEBUG org.hibernate.SQL - select visitor0_.id as id1_7_0_, visitor0_.count as count2_7_0_ from T_VISITOR_COUNT visitor0_ where visitor0_.id=? for update
Hibernate: select visitor0_.id as id1_7_0_, visitor0_.count as count2_7_0_ from T_VISITOR_COUNT visitor0_ where visitor0_.id=? for update
10:12:14.425 [Thread-8] DEBUG org.hibernate.engine.transaction.internal.TransactionImpl - On TransactionImpl creation, JpaCompliance#isJpaTransactionComplianceEnabled == false
10:12:14.425 [Thread-8] DEBUG org.hibernate.engine.transaction.internal.TransactionImpl - begin
10:12:14.425 [Thread-9] DEBUG org.hibernate.loader.entity.plan.AbstractLoadPlanBasedEntityLoader - Done entity load : it.academy.model.Visitor#1
10:12:14.428 [Thread-3] DEBUG org.hibernate.loader.entity.plan.AbstractLoadPlanBasedEntityLoader - Done entity load : it.academy.model.Visitor#1
10:12:14.432 [Thread-8] DEBUG org.springframework.orm.hibernate5.HibernateTransactionManager - Exposing Hibernate transaction as JDBC [org.springframework.orm.hibernate5.HibernateTransactionManager$$Lambda$1333/0x00000001009b6040@7c8dbb22]
10:12:14.433 [Thread-8] DEBUG org.hibernate.SQL - select visitor0_.id as id1_7_0_, visitor0_.count as count2_7_0_ from T_VISITOR_COUNT visitor0_ where visitor0_.id=? for update
Hibernate: select visitor0_.id as id1_7_0_, visitor0_.count as count2_7_0_ from T_VISITOR_COUNT visitor0_ where visitor0_.id=? for update
10:12:14.436 [Thread-2] DEBUG org.hibernate.loader.entity.plan.AbstractLoadPlanBasedEntityLoader - Done entity load : it.academy.model.Visitor#1
10:12:14.435 [Thread-5] DEBUG org.hibernate.engine.transaction.internal.TransactionImpl - On TransactionImpl creation, JpaCompliance#isJpaTransactionComplianceEnabled == false
10:12:14.437 [Thread-5] DEBUG org.hibernate.engine.transaction.internal.TransactionImpl - begin
10:12:14.437 [Thread-4] DEBUG org.hibernate.SQL - select visitor0_.id as id1_7_0_, visitor0_.count as count2_7_0_ from T_VISITOR_COUNT visitor0_ where visitor0_.id=? for update
Hibernate: select visitor0_.id as id1_7_0_, visitor0_.count as count2_7_0_ from T_VISITOR_COUNT visitor0_ where visitor0_.id=? for update
10:12:14.438 [Thread-5] DEBUG org.springframework.orm.hibernate5.HibernateTransactionManager - Exposing Hibernate transaction as JDBC [org.springframework.orm.hibernate5.HibernateTransactionManager$$Lambda$1333/0x00000001009b6040@68e9a7ce]
10:12:14.438 [Thread-5] DEBUG org.hibernate.SQL - select visitor0_.id as id1_7_0_, visitor0_.count as count2_7_0_ from T_VISITOR_COUNT visitor0_ where visitor0_.id=? for update
Hibernate: select visitor0_.id as id1_7_0_, visitor0_.count as count2_7_0_ from T_VISITOR_COUNT visitor0_ where visitor0_.id=? for update
10:12:14.439 [Thread-8] DEBUG org.hibernate.loader.entity.plan.AbstractLoadPlanBasedEntityLoader - Done entity load : it.academy.model.Visitor#1
10:12:14.440 [Thread-6] DEBUG org.hibernate.SQL - select visitor0_.id as id1_7_0_, visitor0_.count as count2_7_0_ from T_VISITOR_COUNT visitor0_ where visitor0_.id=? for update
Hibernate: select visitor0_.id as id1_7_0_, visitor0_.count as count2_7_0_ from T_VISITOR_COUNT visitor0_ where visitor0_.id=? for update
10:12:14.444 [Thread-1] DEBUG org.hibernate.SQL - select visitor0_.id as id1_7_0_, visitor0_.count as count2_7_0_ from T_VISITOR_COUNT visitor0_ where visitor0_.id=? for update
Hibernate: select visitor0_.id as id1_7_0_, visitor0_.count as count2_7_0_ from T_VISITOR_COUNT visitor0_ where visitor0_.id=? for update
10:12:14.448 [main] DEBUG org.hibernate.loader.entity.plan.AbstractLoadPlanBasedEntityLoader - Done entity load : it.academy.model.Visitor#1
10:12:14.448 [Thread-7] DEBUG org.springframework.jdbc.datasource.DataSourceUtils - Changing isolation level of JDBC Connection [HikariProxyConnection@621643326 wrapping com.mysql.cj.jdbc.ConnectionImpl@303c865f] to 2
10:12:14.448 [main] DEBUG org.springframework.web.servlet.mvc.method.annotation.RequestResponseBodyMethodProcessor - Using 'application/json', given [*/*] and supported [application/json, application/*+json, application/json, application/*+json]
10:12:14.448 [main] DEBUG org.springframework.web.servlet.mvc.method.annotation.RequestResponseBodyMethodProcessor - Writing [0]
10:12:14.449 [Thread-8] DEBUG org.hibernate.SQL - select visitor_.id, visitor_.count as count2_7_ from T_VISITOR_COUNT visitor_ where visitor_.id=?
Hibernate: select visitor_.id, visitor_.count as count2_7_ from T_VISITOR_COUNT visitor_ where visitor_.id=?
10:12:14.449 [Thread-3] DEBUG org.hibernate.SQL - select visitor_.id, visitor_.count as count2_7_ from T_VISITOR_COUNT visitor_ where visitor_.id=?
Hibernate: select visitor_.id, visitor_.count as count2_7_ from T_VISITOR_COUNT visitor_ where visitor_.id=?
10:12:14.449 [Thread-2] DEBUG org.hibernate.SQL - select visitor_.id, visitor_.count as count2_7_ from T_VISITOR_COUNT visitor_ where visitor_.id=?
Hibernate: select visitor_.id, visitor_.count as count2_7_ from T_VISITOR_COUNT visitor_ where visitor_.id=?
10:12:14.449 [Thread-9] DEBUG org.hibernate.SQL - select visitor_.id, visitor_.count as count2_7_ from T_VISITOR_COUNT visitor_ where visitor_.id=?
Hibernate: select visitor_.id, visitor_.count as count2_7_ from T_VISITOR_COUNT visitor_ where visitor_.id=?
10:12:14.451 [Thread-8] DEBUG org.hibernate.resource.jdbc.internal.ResourceRegistryStandardImpl - HHH000387: ResultSet's statement was not registered
10:12:14.451 [Thread-9] DEBUG org.hibernate.resource.jdbc.internal.ResourceRegistryStandardImpl - HHH000387: ResultSet's statement was not registered
10:12:14.452 [Thread-3] DEBUG org.hibernate.resource.jdbc.internal.ResourceRegistryStandardImpl - HHH000387: ResultSet's statement was not registered
10:12:14.452 [Thread-2] DEBUG org.hibernate.resource.jdbc.internal.ResourceRegistryStandardImpl - HHH000387: ResultSet's statement was not registered
10:12:14.453 [Thread-10] DEBUG org.hibernate.SQL - select visitor0_.id as id1_7_0_, visitor0_.count as count2_7_0_ from T_VISITOR_COUNT visitor0_ where visitor0_.id=? for update
Hibernate: select visitor0_.id as id1_7_0_, visitor0_.count as count2_7_0_ from T_VISITOR_COUNT visitor0_ where visitor0_.id=? for update
10:12:14.455 [main] DEBUG org.springframework.test.web.servlet.TestDispatcherServlet - Completed 200 OK
10:12:14.469 [Thread-8] DEBUG org.hibernate.event.internal.AbstractSaveEventListener - Generated identifier: 1, using strategy: org.hibernate.id.Assigned
10:12:14.470 [Thread-2] DEBUG org.hibernate.event.internal.AbstractSaveEventListener - Generated identifier: 1, using strategy: org.hibernate.id.Assigned
10:12:14.470 [Thread-9] DEBUG org.hibernate.event.internal.AbstractSaveEventListener - Generated identifier: 1, using strategy: org.hibernate.id.Assigned
10:12:14.470 [Thread-3] DEBUG org.hibernate.event.internal.AbstractSaveEventListener - Generated identifier: 1, using strategy: org.hibernate.id.Assigned
10:12:14.474 [Thread-7] DEBUG org.hibernate.engine.transaction.internal.TransactionImpl - On TransactionImpl creation, JpaCompliance#isJpaTransactionComplianceEnabled == false
10:12:14.474 [Thread-7] DEBUG org.hibernate.engine.transaction.internal.TransactionImpl - begin
10:12:14.475 [Thread-7] DEBUG org.springframework.orm.hibernate5.HibernateTransactionManager - Exposing Hibernate transaction as JDBC [org.springframework.orm.hibernate5.HibernateTransactionManager$$Lambda$1333/0x00000001009b6040@21320647]
10:12:14.480 [Thread-7] DEBUG org.hibernate.SQL - select visitor0_.id as id1_7_0_, visitor0_.count as count2_7_0_ from T_VISITOR_COUNT visitor0_ where visitor0_.id=? for update
Hibernate: select visitor0_.id as id1_7_0_, visitor0_.count as count2_7_0_ from T_VISITOR_COUNT visitor0_ where visitor0_.id=? for update
10:12:14.485 [main] DEBUG org.springframework.test.context.cache.DefaultCacheAwareContextLoaderDelegate - Retrieved ApplicationContext [443942537] from cache with key [[WebMergedContextConfiguration@b7e53b1 testClass = VisitorCountRestServiceTest, locations = '{}', classes = '{class it.academy.RestTestConfiguration}', contextInitializerClasses = '[]', activeProfiles = '{test}', propertySourceLocations = '{}', propertySourceProperties = '{}', contextCustomizers = set[org.springframework.boot.test.context.filter.ExcludeFilterContextCustomizer@700fb871, org.springframework.boot.test.json.DuplicateJsonObjectContextCustomizerFactory$DuplicateJsonObjectContextCustomizer@1e16c0aa, org.springframework.boot.test.mock.mockito.MockitoContextCustomizer@0, org.springframework.boot.test.autoconfigure.actuate.metrics.MetricsExportContextCustomizerFactory$DisableMetricExportContextCustomizer@50029372, org.springframework.boot.test.autoconfigure.properties.PropertyMappingContextCustomizer@0, org.springframework.boot.test.autoconfigure.web.servlet.WebDriverContextCustomizerFactory$Customizer@5852c06f, org.springframework.test.context.web.socket.MockServerContainerContextCustomizer@7d61eb55], resourceBasePath = 'src/main/webapp', contextLoader = 'org.springframework.test.context.web.WebDelegatingSmartContextLoader', parent = [null]]]
10:12:14.485 [main] DEBUG org.springframework.test.context.cache - Spring test ApplicationContext cache statistics: [DefaultContextCache@4be171d1 size = 1, maxSize = 32, parentContextCount = 0, hitCount = 81, missCount = 1]
10:12:14.487 [main] DEBUG org.springframework.test.context.cache.DefaultCacheAwareContextLoaderDelegate - Retrieved ApplicationContext [443942537] from cache with key [[WebMergedContextConfiguration@b7e53b1 testClass = VisitorCountRestServiceTest, locations = '{}', classes = '{class it.academy.RestTestConfiguration}', contextInitializerClasses = '[]', activeProfiles = '{test}', propertySourceLocations = '{}', propertySourceProperties = '{}', contextCustomizers = set[org.springframework.boot.test.context.filter.ExcludeFilterContextCustomizer@700fb871, org.springframework.boot.test.json.DuplicateJsonObjectContextCustomizerFactory$DuplicateJsonObjectContextCustomizer@1e16c0aa, org.springframework.boot.test.mock.mockito.MockitoContextCustomizer@0, org.springframework.boot.test.autoconfigure.actuate.metrics.MetricsExportContextCustomizerFactory$DisableMetricExportContextCustomizer@50029372, org.springframework.boot.test.autoconfigure.properties.PropertyMappingContextCustomizer@0, org.springframework.boot.test.autoconfigure.web.servlet.WebDriverContextCustomizerFactory$Customizer@5852c06f, org.springframework.test.context.web.socket.MockServerContainerContextCustomizer@7d61eb55], resourceBasePath = 'src/main/webapp', contextLoader = 'org.springframework.test.context.web.WebDelegatingSmartContextLoader', parent = [null]]]
10:12:14.487 [main] DEBUG org.springframework.test.context.cache - Spring test ApplicationContext cache statistics: [DefaultContextCache@4be171d1 size = 1, maxSize = 32, parentContextCount = 0, hitCount = 82, missCount = 1]
10:12:14.487 [main] DEBUG org.springframework.test.context.cache.DefaultCacheAwareContextLoaderDelegate - Retrieved ApplicationContext [443942537] from cache with key [[WebMergedContextConfiguration@b7e53b1 testClass = VisitorCountRestServiceTest, locations = '{}', classes = '{class it.academy.RestTestConfiguration}', contextInitializerClasses = '[]', activeProfiles = '{test}', propertySourceLocations = '{}', propertySourceProperties = '{}', contextCustomizers = set[org.springframework.boot.test.context.filter.ExcludeFilterContextCustomizer@700fb871, org.springframework.boot.test.json.DuplicateJsonObjectContextCustomizerFactory$DuplicateJsonObjectContextCustomizer@1e16c0aa, org.springframework.boot.test.mock.mockito.MockitoContextCustomizer@0, org.springframework.boot.test.autoconfigure.actuate.metrics.MetricsExportContextCustomizerFactory$DisableMetricExportContextCustomizer@50029372, org.springframework.boot.test.autoconfigure.properties.PropertyMappingContextCustomizer@0, org.springframework.boot.test.autoconfigure.web.servlet.WebDriverContextCustomizerFactory$Customizer@5852c06f, org.springframework.test.context.web.socket.MockServerContainerContextCustomizer@7d61eb55], resourceBasePath = 'src/main/webapp', contextLoader = 'org.springframework.test.context.web.WebDelegatingSmartContextLoader', parent = [null]]]
10:12:14.487 [main] DEBUG org.springframework.test.context.cache - Spring test ApplicationContext cache statistics: [DefaultContextCache@4be171d1 size = 1, maxSize = 32, parentContextCount = 0, hitCount = 83, missCount = 1]
10:12:14.487 [main] DEBUG org.springframework.test.context.cache.DefaultCacheAwareContextLoaderDelegate - Retrieved ApplicationContext [443942537] from cache with key [[WebMergedContextConfiguration@b7e53b1 testClass = VisitorCountRestServiceTest, locations = '{}', classes = '{class it.academy.RestTestConfiguration}', contextInitializerClasses = '[]', activeProfiles = '{test}', propertySourceLocations = '{}', propertySourceProperties = '{}', contextCustomizers = set[org.springframework.boot.test.context.filter.ExcludeFilterContextCustomizer@700fb871, org.springframework.boot.test.json.DuplicateJsonObjectContextCustomizerFactory$DuplicateJsonObjectContextCustomizer@1e16c0aa, org.springframework.boot.test.mock.mockito.MockitoContextCustomizer@0, org.springframework.boot.test.autoconfigure.actuate.metrics.MetricsExportContextCustomizerFactory$DisableMetricExportContextCustomizer@50029372, org.springframework.boot.test.autoconfigure.properties.PropertyMappingContextCustomizer@0, org.springframework.boot.test.autoconfigure.web.servlet.WebDriverContextCustomizerFactory$Customizer@5852c06f, org.springframework.test.context.web.socket.MockServerContainerContextCustomizer@7d61eb55], resourceBasePath = 'src/main/webapp', contextLoader = 'org.springframework.test.context.web.WebDelegatingSmartContextLoader', parent = [null]]]
10:12:14.487 [main] DEBUG org.springframework.test.context.cache - Spring test ApplicationContext cache statistics: [DefaultContextCache@4be171d1 size = 1, maxSize = 32, parentContextCount = 0, hitCount = 84, missCount = 1]
10:12:14.489 [main] DEBUG org.springframework.test.context.cache.DefaultCacheAwareContextLoaderDelegate - Retrieved ApplicationContext [443942537] from cache with key [[WebMergedContextConfiguration@b7e53b1 testClass = VisitorCountRestServiceTest, locations = '{}', classes = '{class it.academy.RestTestConfiguration}', contextInitializerClasses = '[]', activeProfiles = '{test}', propertySourceLocations = '{}', propertySourceProperties = '{}', contextCustomizers = set[org.springframework.boot.test.context.filter.ExcludeFilterContextCustomizer@700fb871, org.springframework.boot.test.json.DuplicateJsonObjectContextCustomizerFactory$DuplicateJsonObjectContextCustomizer@1e16c0aa, org.springframework.boot.test.mock.mockito.MockitoContextCustomizer@0, org.springframework.boot.test.autoconfigure.actuate.metrics.MetricsExportContextCustomizerFactory$DisableMetricExportContextCustomizer@50029372, org.springframework.boot.test.autoconfigure.properties.PropertyMappingContextCustomizer@0, org.springframework.boot.test.autoconfigure.web.servlet.WebDriverContextCustomizerFactory$Customizer@5852c06f, org.springframework.test.context.web.socket.MockServerContainerContextCustomizer@7d61eb55], resourceBasePath = 'src/main/webapp', contextLoader = 'org.springframework.test.context.web.WebDelegatingSmartContextLoader', parent = [null]]]
10:12:14.489 [main] DEBUG org.springframework.test.context.cache - Spring test ApplicationContext cache statistics: [DefaultContextCache@4be171d1 size = 1, maxSize = 32, parentContextCount = 0, hitCount = 85, missCount = 1]
10:12:14.490 [main] DEBUG org.springframework.test.context.cache.DefaultCacheAwareContextLoaderDelegate - Retrieved ApplicationContext [443942537] from cache with key [[WebMergedContextConfiguration@b7e53b1 testClass = VisitorCountRestServiceTest, locations = '{}', classes = '{class it.academy.RestTestConfiguration}', contextInitializerClasses = '[]', activeProfiles = '{test}', propertySourceLocations = '{}', propertySourceProperties = '{}', contextCustomizers = set[org.springframework.boot.test.context.filter.ExcludeFilterContextCustomizer@700fb871, org.springframework.boot.test.json.DuplicateJsonObjectContextCustomizerFactory$DuplicateJsonObjectContextCustomizer@1e16c0aa, org.springframework.boot.test.mock.mockito.MockitoContextCustomizer@0, org.springframework.boot.test.autoconfigure.actuate.metrics.MetricsExportContextCustomizerFactory$DisableMetricExportContextCustomizer@50029372, org.springframework.boot.test.autoconfigure.properties.PropertyMappingContextCustomizer@0, org.springframework.boot.test.autoconfigure.web.servlet.WebDriverContextCustomizerFactory$Customizer@5852c06f, org.springframework.test.context.web.socket.MockServerContainerContextCustomizer@7d61eb55], resourceBasePath = 'src/main/webapp', contextLoader = 'org.springframework.test.context.web.WebDelegatingSmartContextLoader', parent = [null]]]
10:12:14.490 [main] DEBUG org.springframework.test.context.cache - Spring test ApplicationContext cache statistics: [DefaultContextCache@4be171d1 size = 1, maxSize = 32, parentContextCount = 0, hitCount = 86, missCount = 1]
10:12:14.492 [main] DEBUG org.springframework.orm.hibernate5.HibernateTransactionManager - Initiating transaction rollback
10:12:14.492 [main] DEBUG org.springframework.orm.hibernate5.HibernateTransactionManager - Rolling back Hibernate transaction on Session [SessionImpl(1548008675<open>)]
10:12:14.492 [main] DEBUG org.hibernate.engine.transaction.internal.TransactionImpl - rolling back
10:12:14.506 [Thread-9] DEBUG org.springframework.orm.hibernate5.HibernateTransactionManager - Initiating transaction commit
10:12:14.506 [Thread-2] DEBUG org.springframework.orm.hibernate5.HibernateTransactionManager - Initiating transaction commit
10:12:14.506 [Thread-3] DEBUG org.springframework.orm.hibernate5.HibernateTransactionManager - Initiating transaction commit
10:12:14.507 [Thread-2] DEBUG org.springframework.orm.hibernate5.HibernateTransactionManager - Committing Hibernate transaction on Session [SessionImpl(1238783442<open>)]
10:12:14.506 [Thread-8] DEBUG org.springframework.orm.hibernate5.HibernateTransactionManager - Initiating transaction commit
10:12:14.507 [Thread-2] DEBUG org.hibernate.engine.transaction.internal.TransactionImpl - committing
10:12:14.507 [Thread-9] DEBUG org.springframework.orm.hibernate5.HibernateTransactionManager - Committing Hibernate transaction on Session [SessionImpl(1562797978<open>)]
10:12:14.507 [Thread-8] DEBUG org.springframework.orm.hibernate5.HibernateTransactionManager - Committing Hibernate transaction on Session [SessionImpl(1987432530<open>)]
10:12:14.507 [Thread-8] DEBUG org.hibernate.engine.transaction.internal.TransactionImpl - committing
10:12:14.507 [Thread-3] DEBUG org.springframework.orm.hibernate5.HibernateTransactionManager - Committing Hibernate transaction on Session [SessionImpl(1224723661<open>)]
10:12:14.507 [Thread-3] DEBUG org.hibernate.engine.transaction.internal.TransactionImpl - committing
10:12:14.507 [Thread-9] DEBUG org.hibernate.engine.transaction.internal.TransactionImpl - committing
10:12:14.507 [Thread-2] DEBUG org.hibernate.event.internal.AbstractFlushingEventListener - Processing flush-time cascades
10:12:14.507 [Thread-9] DEBUG org.hibernate.event.internal.AbstractFlushingEventListener - Processing flush-time cascades
10:12:14.507 [Thread-3] DEBUG org.hibernate.event.internal.AbstractFlushingEventListener - Processing flush-time cascades
10:12:14.507 [Thread-8] DEBUG org.hibernate.event.internal.AbstractFlushingEventListener - Processing flush-time cascades
10:12:14.508 [Thread-9] DEBUG org.hibernate.event.internal.AbstractFlushingEventListener - Dirty checking collections
10:12:14.508 [Thread-2] DEBUG org.hibernate.event.internal.AbstractFlushingEventListener - Dirty checking collections
10:12:14.508 [Thread-3] DEBUG org.hibernate.event.internal.AbstractFlushingEventListener - Dirty checking collections
10:12:14.508 [Thread-8] DEBUG org.hibernate.event.internal.AbstractFlushingEventListener - Dirty checking collections
10:12:14.515 [Thread-8] DEBUG org.hibernate.event.internal.AbstractFlushingEventListener - Flushed: 1 insertions, 0 updates, 0 deletions to 1 objects
10:12:14.515 [Thread-3] DEBUG org.hibernate.event.internal.AbstractFlushingEventListener - Flushed: 1 insertions, 0 updates, 0 deletions to 1 objects
10:12:14.515 [Thread-2] DEBUG org.hibernate.event.internal.AbstractFlushingEventListener - Flushed: 1 insertions, 0 updates, 0 deletions to 1 objects
10:12:14.515 [Thread-2] DEBUG org.hibernate.event.internal.AbstractFlushingEventListener - Flushed: 0 (re)creations, 0 updates, 0 removals to 0 collections
10:12:14.515 [Thread-9] DEBUG org.hibernate.event.internal.AbstractFlushingEventListener - Flushed: 1 insertions, 0 updates, 0 deletions to 1 objects
10:12:14.515 [Thread-9] DEBUG org.hibernate.event.internal.AbstractFlushingEventListener - Flushed: 0 (re)creations, 0 updates, 0 removals to 0 collections
10:12:14.515 [Thread-3] DEBUG org.hibernate.event.internal.AbstractFlushingEventListener - Flushed: 0 (re)creations, 0 updates, 0 removals to 0 collections
10:12:14.515 [Thread-8] DEBUG org.hibernate.event.internal.AbstractFlushingEventListener - Flushed: 0 (re)creations, 0 updates, 0 removals to 0 collections
10:12:14.517 [Thread-3] DEBUG org.hibernate.internal.util.EntityPrinter - Listing entities:
10:12:14.517 [Thread-9] DEBUG org.hibernate.internal.util.EntityPrinter - Listing entities:
10:12:14.517 [Thread-2] DEBUG org.hibernate.internal.util.EntityPrinter - Listing entities:
10:12:14.517 [Thread-9] DEBUG org.hibernate.internal.util.EntityPrinter - it.academy.model.Visitor{count=1, id=1}
10:12:14.517 [Thread-8] DEBUG org.hibernate.internal.util.EntityPrinter - Listing entities:
10:12:14.517 [Thread-2] DEBUG org.hibernate.internal.util.EntityPrinter - it.academy.model.Visitor{count=1, id=1}
10:12:14.517 [Thread-3] DEBUG org.hibernate.internal.util.EntityPrinter - it.academy.model.Visitor{count=1, id=1}
10:12:14.517 [Thread-8] DEBUG org.hibernate.internal.util.EntityPrinter - it.academy.model.Visitor{count=1, id=1}
10:12:14.527 [Thread-5] DEBUG org.hibernate.loader.entity.plan.AbstractLoadPlanBasedEntityLoader - Done entity load : it.academy.model.Visitor#1
10:12:14.527 [Thread-5] DEBUG org.hibernate.SQL - select visitor_.id, visitor_.count as count2_7_ from T_VISITOR_COUNT visitor_ where visitor_.id=?
Hibernate: select visitor_.id, visitor_.count as count2_7_ from T_VISITOR_COUNT visitor_ where visitor_.id=?
10:12:14.528 [Thread-1] DEBUG org.hibernate.loader.entity.plan.AbstractLoadPlanBasedEntityLoader - Done entity load : it.academy.model.Visitor#1
10:12:14.527 [Thread-6] DEBUG org.hibernate.loader.entity.plan.AbstractLoadPlanBasedEntityLoader - Done entity load : it.academy.model.Visitor#1
10:12:14.528 [Thread-1] DEBUG org.hibernate.SQL - select visitor_.id, visitor_.count as count2_7_ from T_VISITOR_COUNT visitor_ where visitor_.id=?
Hibernate: select visitor_.id, visitor_.count as count2_7_ from T_VISITOR_COUNT visitor_ where visitor_.id=?
10:12:14.528 [Thread-6] DEBUG org.hibernate.SQL - select visitor_.id, visitor_.count as count2_7_ from T_VISITOR_COUNT visitor_ where visitor_.id=?
Hibernate: select visitor_.id, visitor_.count as count2_7_ from T_VISITOR_COUNT visitor_ where visitor_.id=?
10:12:14.529 [Thread-5] DEBUG org.hibernate.resource.jdbc.internal.ResourceRegistryStandardImpl - HHH000387: ResultSet's statement was not registered
10:12:14.529 [Thread-5] DEBUG org.hibernate.event.internal.AbstractSaveEventListener - Generated identifier: 1, using strategy: org.hibernate.id.Assigned
10:12:14.529 [Thread-1] DEBUG org.hibernate.resource.jdbc.internal.ResourceRegistryStandardImpl - HHH000387: ResultSet's statement was not registered
10:12:14.530 [Thread-1] DEBUG org.hibernate.event.internal.AbstractSaveEventListener - Generated identifier: 1, using strategy: org.hibernate.id.Assigned
10:12:14.530 [Thread-5] DEBUG org.springframework.orm.hibernate5.HibernateTransactionManager - Initiating transaction commit
10:12:14.530 [Thread-5] DEBUG org.springframework.orm.hibernate5.HibernateTransactionManager - Committing Hibernate transaction on Session [SessionImpl(1645333694<open>)]
10:12:14.530 [Thread-5] DEBUG org.hibernate.engine.transaction.internal.TransactionImpl - committing
10:12:14.530 [Thread-1] DEBUG org.springframework.orm.hibernate5.HibernateTransactionManager - Initiating transaction commit
10:12:14.530 [Thread-5] DEBUG org.hibernate.event.internal.AbstractFlushingEventListener - Processing flush-time cascades
10:12:14.530 [Thread-1] DEBUG org.springframework.orm.hibernate5.HibernateTransactionManager - Committing Hibernate transaction on Session [SessionImpl(1286010878<open>)]
10:12:14.530 [Thread-1] DEBUG org.hibernate.engine.transaction.internal.TransactionImpl - committing
10:12:14.531 [Thread-5] DEBUG org.hibernate.event.internal.AbstractFlushingEventListener - Dirty checking collections
10:12:14.531 [Thread-1] DEBUG org.hibernate.event.internal.AbstractFlushingEventListener - Processing flush-time cascades
10:12:14.531 [Thread-1] DEBUG org.hibernate.event.internal.AbstractFlushingEventListener - Dirty checking collections
10:12:14.531 [Thread-1] DEBUG org.hibernate.event.internal.AbstractFlushingEventListener - Flushed: 1 insertions, 0 updates, 0 deletions to 1 objects
10:12:14.531 [Thread-1] DEBUG org.hibernate.event.internal.AbstractFlushingEventListener - Flushed: 0 (re)creations, 0 updates, 0 removals to 0 collections
10:12:14.531 [Thread-1] DEBUG org.hibernate.internal.util.EntityPrinter - Listing entities:
10:12:14.531 [Thread-1] DEBUG org.hibernate.internal.util.EntityPrinter - it.academy.model.Visitor{count=1, id=1}
10:12:14.532 [Thread-6] DEBUG org.hibernate.resource.jdbc.internal.ResourceRegistryStandardImpl - HHH000387: ResultSet's statement was not registered
10:12:14.531 [Thread-5] DEBUG org.hibernate.event.internal.AbstractFlushingEventListener - Flushed: 1 insertions, 0 updates, 0 deletions to 1 objects
10:12:14.532 [Thread-5] DEBUG org.hibernate.event.internal.AbstractFlushingEventListener - Flushed: 0 (re)creations, 0 updates, 0 removals to 0 collections
10:12:14.532 [Thread-6] DEBUG org.hibernate.event.internal.AbstractSaveEventListener - Generated identifier: 1, using strategy: org.hibernate.id.Assigned
10:12:14.532 [Thread-5] DEBUG org.hibernate.internal.util.EntityPrinter - Listing entities:
10:12:14.532 [Thread-5] DEBUG org.hibernate.internal.util.EntityPrinter - it.academy.model.Visitor{count=1, id=1}
10:12:14.532 [Thread-6] DEBUG org.springframework.orm.hibernate5.HibernateTransactionManager - Initiating transaction commit
10:12:14.532 [Thread-6] DEBUG org.springframework.orm.hibernate5.HibernateTransactionManager - Committing Hibernate transaction on Session [SessionImpl(1826437934<open>)]
10:12:14.532 [Thread-6] DEBUG org.hibernate.engine.transaction.internal.TransactionImpl - committing
10:12:14.532 [Thread-6] DEBUG org.hibernate.event.internal.AbstractFlushingEventListener - Processing flush-time cascades
10:12:14.532 [Thread-6] DEBUG org.hibernate.event.internal.AbstractFlushingEventListener - Dirty checking collections
10:12:14.532 [Thread-6] DEBUG org.hibernate.event.internal.AbstractFlushingEventListener - Flushed: 1 insertions, 0 updates, 0 deletions to 1 objects
10:12:14.532 [Thread-6] DEBUG org.hibernate.event.internal.AbstractFlushingEventListener - Flushed: 0 (re)creations, 0 updates, 0 removals to 0 collections
10:12:14.532 [Thread-6] DEBUG org.hibernate.internal.util.EntityPrinter - Listing entities:
10:12:14.532 [Thread-6] DEBUG org.hibernate.internal.util.EntityPrinter - it.academy.model.Visitor{count=1, id=1}
10:12:14.533 [Thread-7] DEBUG org.hibernate.loader.entity.plan.AbstractLoadPlanBasedEntityLoader - Done entity load : it.academy.model.Visitor#1
10:12:14.533 [Thread-7] DEBUG org.hibernate.SQL - select visitor_.id, visitor_.count as count2_7_ from T_VISITOR_COUNT visitor_ where visitor_.id=?
Hibernate: select visitor_.id, visitor_.count as count2_7_ from T_VISITOR_COUNT visitor_ where visitor_.id=?
10:12:14.533 [Thread-10] DEBUG org.hibernate.loader.entity.plan.AbstractLoadPlanBasedEntityLoader - Done entity load : it.academy.model.Visitor#1
10:12:14.533 [Thread-10] DEBUG org.hibernate.SQL - select visitor_.id, visitor_.count as count2_7_ from T_VISITOR_COUNT visitor_ where visitor_.id=?
Hibernate: select visitor_.id, visitor_.count as count2_7_ from T_VISITOR_COUNT visitor_ where visitor_.id=?
10:12:14.534 [main] DEBUG org.springframework.orm.hibernate5.HibernateTransactionManager - Closing Hibernate Session [SessionImpl(1548008675<open>)] after transaction
10:12:14.534 [Thread-7] DEBUG org.hibernate.resource.jdbc.internal.ResourceRegistryStandardImpl - HHH000387: ResultSet's statement was not registered
10:12:14.534 [Thread-7] DEBUG org.hibernate.event.internal.AbstractSaveEventListener - Generated identifier: 1, using strategy: org.hibernate.id.Assigned
10:12:14.534 [Thread-7] DEBUG org.springframework.orm.hibernate5.HibernateTransactionManager - Initiating transaction commit
10:12:14.534 [Thread-7] DEBUG org.springframework.orm.hibernate5.HibernateTransactionManager - Committing Hibernate transaction on Session [SessionImpl(734686519<open>)]
10:12:14.534 [Thread-7] DEBUG org.hibernate.engine.transaction.internal.TransactionImpl - committing
10:12:14.534 [Thread-7] DEBUG org.hibernate.event.internal.AbstractFlushingEventListener - Processing flush-time cascades
10:12:14.534 [Thread-7] DEBUG org.hibernate.event.internal.AbstractFlushingEventListener - Dirty checking collections
10:12:14.535 [Thread-7] DEBUG org.hibernate.event.internal.AbstractFlushingEventListener - Flushed: 1 insertions, 0 updates, 0 deletions to 1 objects
10:12:14.535 [Thread-10] DEBUG org.hibernate.resource.jdbc.internal.ResourceRegistryStandardImpl - HHH000387: ResultSet's statement was not registered
10:12:14.535 [Thread-7] DEBUG org.hibernate.event.internal.AbstractFlushingEventListener - Flushed: 0 (re)creations, 0 updates, 0 removals to 0 collections
10:12:14.535 [Thread-7] DEBUG org.hibernate.internal.util.EntityPrinter - Listing entities:
10:12:14.535 [Thread-7] DEBUG org.hibernate.internal.util.EntityPrinter - it.academy.model.Visitor{count=1, id=1}
10:12:14.535 [Thread-10] DEBUG org.hibernate.event.internal.AbstractSaveEventListener - Generated identifier: 1, using strategy: org.hibernate.id.Assigned
10:12:14.535 [Thread-10] DEBUG org.springframework.orm.hibernate5.HibernateTransactionManager - Initiating transaction commit
10:12:14.535 [Thread-10] DEBUG org.springframework.orm.hibernate5.HibernateTransactionManager - Committing Hibernate transaction on Session [SessionImpl(837987776<open>)]
10:12:14.535 [Thread-10] DEBUG org.hibernate.engine.transaction.internal.TransactionImpl - committing
10:12:14.535 [Thread-10] DEBUG org.hibernate.event.internal.AbstractFlushingEventListener - Processing flush-time cascades
10:12:14.535 [Thread-10] DEBUG org.hibernate.event.internal.AbstractFlushingEventListener - Dirty checking collections
10:12:14.535 [Thread-10] DEBUG org.hibernate.event.internal.AbstractFlushingEventListener - Flushed: 1 insertions, 0 updates, 0 deletions to 1 objects
10:12:14.535 [Thread-10] DEBUG org.hibernate.event.internal.AbstractFlushingEventListener - Flushed: 0 (re)creations, 0 updates, 0 removals to 0 collections
10:12:14.535 [Thread-10] DEBUG org.hibernate.internal.util.EntityPrinter - Listing entities:
10:12:14.535 [Thread-10] DEBUG org.hibernate.internal.util.EntityPrinter - it.academy.model.Visitor{count=1, id=1}
10:12:14.536 [main] INFO org.springframework.test.context.transaction.TransactionContext - Rolled back transaction for test: [DefaultTestContext@2493f9a8 testClass = VisitorCountRestServiceTest, testInstance = it.academy.rest.VisitorCountRestServiceTest@4b9b57d9, testMethod = updateVisitorCount@VisitorCountRestServiceTest, testException = org.junit.ComparisonFailure: expected:<[100]0> but was:<[]0>, mergedContextConfiguration = [WebMergedContextConfiguration@b7e53b1 testClass = VisitorCountRestServiceTest, locations = '{}', classes = '{class it.academy.RestTestConfiguration}', contextInitializerClasses = '[]', activeProfiles = '{test}', propertySourceLocations = '{}', propertySourceProperties = '{}', contextCustomizers = set[org.springframework.boot.test.context.filter.ExcludeFilterContextCustomizer@700fb871, org.springframework.boot.test.json.DuplicateJsonObjectContextCustomizerFactory$DuplicateJsonObjectContextCustomizer@1e16c0aa, org.springframework.boot.test.mock.mockito.MockitoContextCustomizer@0, org.springframework.boot.test.autoconfigure.actuate.metrics.MetricsExportContextCustomizerFactory$DisableMetricExportContextCustomizer@50029372, org.springframework.boot.test.autoconfigure.properties.PropertyMappingContextCustomizer@0, org.springframework.boot.test.autoconfigure.web.servlet.WebDriverContextCustomizerFactory$Customizer@5852c06f, org.springframework.test.context.web.socket.MockServerContainerContextCustomizer@7d61eb55], resourceBasePath = 'src/main/webapp', contextLoader = 'org.springframework.test.context.web.WebDelegatingSmartContextLoader', parent = [null]], attributes = map['org.springframework.test.context.web.ServletTestExecutionListener.populatedRequestContextHolder' -> true, 'org.springframework.test.context.web.ServletTestExecutionListener.resetRequestContextHolder' -> true, 'org.springframework.test.context.event.ApplicationEventsTestExecutionListener.recordApplicationEvents' -> false]]
10:12:14.537 [main] DEBUG org.springframework.test.context.support.AbstractDirtiesContextTestExecutionListener - After test method: context [DefaultTestContext@2493f9a8 testClass = VisitorCountRestServiceTest, testInstance = it.academy.rest.VisitorCountRestServiceTest@4b9b57d9, testMethod = updateVisitorCount@VisitorCountRestServiceTest, testException = org.junit.ComparisonFailure: expected:<[100]0> but was:<[]0>, mergedContextConfiguration = [WebMergedContextConfiguration@b7e53b1 testClass = VisitorCountRestServiceTest, locations = '{}', classes = '{class it.academy.RestTestConfiguration}', contextInitializerClasses = '[]', activeProfiles = '{test}', propertySourceLocations = '{}', propertySourceProperties = '{}', contextCustomizers = set[org.springframework.boot.test.context.filter.ExcludeFilterContextCustomizer@700fb871, org.springframework.boot.test.json.DuplicateJsonObjectContextCustomizerFactory$DuplicateJsonObjectContextCustomizer@1e16c0aa, org.springframework.boot.test.mock.mockito.MockitoContextCustomizer@0, org.springframework.boot.test.autoconfigure.actuate.metrics.MetricsExportContextCustomizerFactory$DisableMetricExportContextCustomizer@50029372, org.springframework.boot.test.autoconfigure.properties.PropertyMappingContextCustomizer@0, org.springframework.boot.test.autoconfigure.web.servlet.WebDriverContextCustomizerFactory$Customizer@5852c06f, org.springframework.test.context.web.socket.MockServerContainerContextCustomizer@7d61eb55], resourceBasePath = 'src/main/webapp', contextLoader = 'org.springframework.test.context.web.WebDelegatingSmartContextLoader', parent = [null]], attributes = map['org.springframework.test.context.web.ServletTestExecutionListener.populatedRequestContextHolder' -> true, 'org.springframework.test.context.web.ServletTestExecutionListener.resetRequestContextHolder' -> true, 'org.springframework.test.context.event.ApplicationEventsTestExecutionListener.recordApplicationEvents' -> false]], class annotated with @DirtiesContext [false] with mode [null], method annotated with @DirtiesContext [false] with mode [null].
10:12:14.537 [main] DEBUG org.springframework.test.context.web.ServletTestExecutionListener - Resetting RequestContextHolder for test context [DefaultTestContext@2493f9a8 testClass = VisitorCountRestServiceTest, testInstance = it.academy.rest.VisitorCountRestServiceTest@4b9b57d9, testMethod = updateVisitorCount@VisitorCountRestServiceTest, testException = org.junit.ComparisonFailure: expected:<[100]0> but was:<[]0>, mergedContextConfiguration = [WebMergedContextConfiguration@b7e53b1 testClass = VisitorCountRestServiceTest, locations = '{}', classes = '{class it.academy.RestTestConfiguration}', contextInitializerClasses = '[]', activeProfiles = '{test}', propertySourceLocations = '{}', propertySourceProperties = '{}', contextCustomizers = set[org.springframework.boot.test.context.filter.ExcludeFilterContextCustomizer@700fb871, org.springframework.boot.test.json.DuplicateJsonObjectContextCustomizerFactory$DuplicateJsonObjectContextCustomizer@1e16c0aa, org.springframework.boot.test.mock.mockito.MockitoContextCustomizer@0, org.springframework.boot.test.autoconfigure.actuate.metrics.MetricsExportContextCustomizerFactory$DisableMetricExportContextCustomizer@50029372, org.springframework.boot.test.autoconfigure.properties.PropertyMappingContextCustomizer@0, org.springframework.boot.test.autoconfigure.web.servlet.WebDriverContextCustomizerFactory$Customizer@5852c06f, org.springframework.test.context.web.socket.MockServerContainerContextCustomizer@7d61eb55], resourceBasePath = 'src/main/webapp', contextLoader = 'org.springframework.test.context.web.WebDelegatingSmartContextLoader', parent = [null]], attributes = map['org.springframework.test.context.web.ServletTestExecutionListener.populatedRequestContextHolder' -> true, 'org.springframework.test.context.web.ServletTestExecutionListener.resetRequestContextHolder' -> true, 'org.springframework.test.context.event.ApplicationEventsTestExecutionListener.recordApplicationEvents' -> false]].
10:12:14.537 [Thread-4] DEBUG org.hibernate.loader.entity.plan.AbstractLoadPlanBasedEntityLoader - Done entity load : it.academy.model.Visitor#1
10:12:14.538 [Thread-4] DEBUG org.hibernate.SQL - select visitor_.id, visitor_.count as count2_7_ from T_VISITOR_COUNT visitor_ where visitor_.id=?
Hibernate: select visitor_.id, visitor_.count as count2_7_ from T_VISITOR_COUNT visitor_ where visitor_.id=?
10:12:14.541 [Thread-4] DEBUG org.hibernate.resource.jdbc.internal.ResourceRegistryStandardImpl - HHH000387: ResultSet's statement was not registered
10:12:14.542 [Thread-4] DEBUG org.hibernate.event.internal.AbstractSaveEventListener - Generated identifier: 1, using strategy: org.hibernate.id.Assigned
10:12:14.544 [Thread-4] DEBUG org.springframework.orm.hibernate5.HibernateTransactionManager - Initiating transaction commit
10:12:14.544 [Thread-4] DEBUG org.springframework.orm.hibernate5.HibernateTransactionManager - Committing Hibernate transaction on Session [SessionImpl(403976523<open>)]
10:12:14.544 [Thread-4] DEBUG org.hibernate.engine.transaction.internal.TransactionImpl - committing
10:12:14.544 [Thread-4] DEBUG org.hibernate.event.internal.AbstractFlushingEventListener - Processing flush-time cascades
10:12:14.544 [Thread-4] DEBUG org.hibernate.event.internal.AbstractFlushingEventListener - Dirty checking collections
10:12:14.544 [Thread-4] DEBUG org.hibernate.event.internal.AbstractFlushingEventListener - Flushed: 1 insertions, 0 updates, 0 deletions to 1 objects
10:12:14.544 [Thread-4] DEBUG org.hibernate.event.internal.AbstractFlushingEventListener - Flushed: 0 (re)creations, 0 updates, 0 removals to 0 collections
10:12:14.544 [Thread-4] DEBUG org.hibernate.internal.util.EntityPrinter - Listing entities:
10:12:14.545 [Thread-4] DEBUG org.hibernate.internal.util.EntityPrinter - it.academy.model.Visitor{count=1, id=1}
10:12:14.551 [Thread-8] DEBUG org.hibernate.SQL - insert into T_VISITOR_COUNT (count, id) values (?, ?)
Hibernate: insert into T_VISITOR_COUNT (count, id) values (?, ?)
10:12:14.554 [Thread-3] DEBUG org.hibernate.SQL - insert into T_VISITOR_COUNT (count, id) values (?, ?)
Hibernate: insert into T_VISITOR_COUNT (count, id) values (?, ?)
]]></system-out>
    <system-err><![CDATA[Mar 17, 2021 10:12:14 AM it.academy.rest.VisitorCountRestServiceTest updateVisitorCount
INFO: 0
]]></system-err>
  </testcase>
</testsuite>